<?xml version="1.0" encoding="UTF-8"?>
<!-- Generated by org.testng.reporters.JUnitReportReporter -->
<testsuite hostname="TYSS-Anjali" failures="0" tests="1" name="campaign.CreateCampaignTest" time="0.033" errors="0" timestamp="2024-10-18T19:43:41 IST" skipped="0">
  <testcase classname="campaign.CreateCampaignTest" name="createCampaign" time="0.033">
    <system-out>
      <![CDATA[Created Campaign Successfully]]>
    </system-out>
  </testcase> <!-- createCampaign -->
  <system-out>
    <![CDATA[Created Campaign Successfully]]>
  </system-out>
</testsuite> <!-- campaign.CreateCampaignTest -->
