<?xml version="1.0" encoding="UTF-8"?>
<!-- Generated by org.testng.reporters.JUnitReportReporter -->
<testsuite hostname="TYSS-Anjali" failures="0" tests="1" name="contact.CreateContactTest" time="0.021" errors="0" timestamp="2024-10-18T19:43:50 IST" skipped="0">
  <testcase classname="contact.CreateContactTest" name="createContact" time="0.021">
    <system-out>
      <![CDATA[Created Contact Successfully]]>
    </system-out>
  </testcase> <!-- createContact -->
  <system-out>
    <![CDATA[Created Contact Successfully]]>
  </system-out>
</testsuite> <!-- contact.CreateContactTest -->
