<?xml version="1.0" encoding="UTF-8"?>
<!-- Generated by org.testng.reporters.JUnitReportReporter -->
<testsuite hostname="TYSS-Anjali" failures="0" tests="1" name="organization.CreateOrgTest" time="0.025" errors="0" timestamp="2024-10-18T19:44:12 IST" skipped="0">
  <testcase classname="organization.CreateOrgTest" name="createOrg" time="0.025">
    <system-out>
      <![CDATA[Created Organization Successfully]]>
    </system-out>
  </testcase> <!-- createOrg -->
  <system-out>
    <![CDATA[Created Organization Successfully]]>
  </system-out>
</testsuite> <!-- organization.CreateOrgTest -->
